<?xml version="1.0" encoding="UTF-8"?>
<!-- Generated by org.testng.reporters.JUnitReportReporter -->
<testsuite hostname="Rishis-MacBook-Air.local" failures="0" tests="1" name="com.qa.assignment.test.RegisterPageTest" time="3.926" errors="0" timestamp="07 May 2021 07:55:48 GMT" skipped="0">
  <testcase classname="com.qa.assignment.test.RegisterPageTest" name="userRegistrationTest" time="3.926"/>
</testsuite> <!-- com.qa.assignment.test.RegisterPageTest -->
