<?xml version="1.0" encoding="UTF-8"?>
<!-- Generated by org.testng.reporters.JUnitReportReporter -->
<testsuite hostname="Rishis-MacBook-Air.local" failures="0" tests="7" name="com.qa.assignment.test.ShoppingCartTest" time="14.877" errors="0" timestamp="07 May 2021 07:55:48 GMT" skipped="0">
  <testcase classname="com.qa.assignment.test.ShoppingCartTest" name="accountPageTitleTest" time="0.011"/>
  <testcase classname="com.qa.assignment.test.ShoppingCartTest" name="accountUrlTest" time="0.007"/>
  <testcase classname="com.qa.assignment.test.ShoppingCartTest" name="accountHeadertextVerify" time="0.045"/>
  <testcase classname="com.qa.assignment.test.ShoppingCartTest" name="shoppingTest" time="6.830"/>
  <testcase classname="com.qa.assignment.test.ShoppingCartTest" name="cartSummaryvisibleVerify" time="0.028"/>
  <testcase classname="com.qa.assignment.test.ShoppingCartTest" name="paymentProcessTest" time="7.928"/>
  <testcase classname="com.qa.assignment.test.ShoppingCartTest" name="myOrderCompleteTest" time="0.028"/>
</testsuite> <!-- com.qa.assignment.test.ShoppingCartTest -->
