<?xml version="1.0" encoding="UTF-8"?>
<!-- Generated by org.testng.reporters.JUnitReportReporter -->
<testsuite hostname="Rishis-MacBook-Air.local" failures="0" tests="4" name="com.qa.assignment.test.LoginPageTest" time="4.152" errors="0" timestamp="07 May 2021 07:55:48 GMT" skipped="0">
  <testcase classname="com.qa.assignment.test.LoginPageTest" name="signinTest" time="1.906"/>
  <testcase classname="com.qa.assignment.test.LoginPageTest" name="getLoginPageTitleTest" time="0.011"/>
  <testcase classname="com.qa.assignment.test.LoginPageTest" name="verifyForgotPwdLinkTest" time="0.028"/>
  <testcase classname="com.qa.assignment.test.LoginPageTest" name="loginTest" time="2.207"/>
</testsuite> <!-- com.qa.assignment.test.LoginPageTest -->
